<?xml version="1.0" encoding="UTF-8"?>
<!-- Generated by org.testng.reporters.JUnitReportReporter -->
<testsuite hostname="DESKTOP-RP9HD9E" failures="0" tests="5" name="com.selenium.priority.FlightBookingTest" time="0.044" errors="0" timestamp="2024-11-12T20:32:20 IST" skipped="0">
  <testcase classname="com.selenium.priority.FlightBookingTest" name="SigninToApp" time="0.021"/>
  <testcase classname="com.selenium.priority.FlightBookingTest" name="LoginintoApp" time="0.003"/>
  <testcase classname="com.selenium.priority.FlightBookingTest" name="SearchtheFlight" time="0.006"/>
  <testcase classname="com.selenium.priority.FlightBookingTest" name="BooktheFlight" time="0.005"/>
  <testcase classname="com.selenium.priority.FlightBookingTest" name="LogoutFromApp" time="0.009"/>
</testsuite> <!-- com.selenium.priority.FlightBookingTest -->
