<?xml version="1.0" encoding="UTF-8"?>
<!-- Generated by org.testng.reporters.JUnitReportReporter -->
<testsuite hostname="DESKTOP-RP9HD9E" failures="0" tests="2" name="com.selenium.test.DescriptionExample" time="0.025" errors="0" timestamp="2023-09-13T19:44:52 IST" skipped="0">
  <testcase classname="com.selenium.test.DescriptionExample" name="DescExample" time="0.022"/>
  <testcase classname="com.selenium.test.DescriptionExample" name="Test2" time="0.003"/>
</testsuite> <!-- com.selenium.test.DescriptionExample -->
