<?xml version="1.0" encoding="UTF-8"?>
<!-- Generated by org.testng.reporters.JUnitReportReporter -->
<testsuite hostname="DESKTOP-RP9HD9E" failures="0" tests="1" name="com.selenium.fruits.fruits" time="0.004" errors="0" timestamp="2023-09-24T18:47:04 IST" skipped="0">
  <testcase classname="com.selenium.fruits.fruits" name="addApple" time="0.004"/>
</testsuite> <!-- com.selenium.fruits.fruits -->
