<?xml version="1.0" encoding="UTF-8"?>
<!-- Generated by org.testng.reporters.JUnitReportReporter -->
<testsuite hostname="DESKTOP-RP9HD9E" failures="0" tests="1" name="com.selenium.calc.multipleparam" time="0.054" errors="0" timestamp="2023-09-24T18:47:04 IST" skipped="0">
  <testcase classname="com.selenium.calc.multipleparam" name="Multiple" time="0.054"/>
</testsuite> <!-- com.selenium.calc.multipleparam -->
