<?xml version="1.0" encoding="UTF-8"?>
<!-- Generated by org.testng.reporters.JUnitReportReporter -->
<testsuite hostname="DESKTOP-RP9HD9E" failures="0" tests="3" name="com.selenium.test.GroupExample" time="0.021" errors="0" timestamp="2023-09-24T18:47:04 IST" skipped="0">
  <testcase classname="com.selenium.test.GroupExample" name="chrome" time="0.004"/>
  <testcase classname="com.selenium.test.GroupExample" name="firefox" time="0.012"/>
  <testcase classname="com.selenium.test.GroupExample" name="edge" time="0.005"/>
</testsuite> <!-- com.selenium.test.GroupExample -->
