<?xml version="1.0" encoding="UTF-8"?>
<!-- Generated by org.testng.reporters.JUnitReportReporter -->
<testsuite hostname="DESKTOP-RP9HD9E" failures="0" tests="3" name="com.selenium.test.RollNumberExample" time="0.027" errors="0" timestamp="2023-09-13T21:09:15 IST" skipped="0">
  <testcase classname="com.selenium.test.RollNumberExample" name="setData" time="0.020"/>
  <testcase classname="com.selenium.test.RollNumberExample" name="setData" time="0.003"/>
  <testcase classname="com.selenium.test.RollNumberExample" name="setData" time="0.004"/>
</testsuite> <!-- com.selenium.test.RollNumberExample -->
