<?xml version="1.0" encoding="UTF-8"?>
<!-- Generated by org.testng.reporters.JUnitReportReporter -->
<testsuite hostname="DESKTOP-RP9HD9E" failures="0" tests="6" name="com.selenium.test.DependsonMethodExample" time="0.053" errors="0" timestamp="2023-09-13T19:38:33 IST" skipped="0">
  <testcase classname="com.selenium.test.DependsonMethodExample" name="MockInterviewGrade" time="0.009"/>
  <testcase classname="com.selenium.test.DependsonMethodExample" name="ActualInterviewResult" time="0.007"/>
  <testcase classname="com.selenium.test.DependsonMethodExample" name="TenthGrade" time="0.020"/>
  <testcase classname="com.selenium.test.DependsonMethodExample" name="HigherSecondaryGrade" time="0.003"/>
  <testcase classname="com.selenium.test.DependsonMethodExample" name="PGGrade" time="0.009"/>
  <testcase classname="com.selenium.test.DependsonMethodExample" name="UGGrade" time="0.005"/>
</testsuite> <!-- com.selenium.test.DependsonMethodExample -->
