<?xml version="1.0" encoding="UTF-8"?>
<!-- Generated by org.testng.reporters.JUnitReportReporter -->
<testsuite hostname="DESKTOP-RP9HD9E" failures="0" tests="2" name="com.selenium.test.TestngDemo" time="0.036" errors="0" timestamp="2023-09-24T18:47:04 IST" skipped="0">
  <testcase classname="com.selenium.test.TestngDemo" name="testmethod2" time="0.019"/>
  <testcase classname="com.selenium.test.TestngDemo" name="testmethod" time="0.017"/>
</testsuite> <!-- com.selenium.test.TestngDemo -->
